SF:lib\core\models\directions_model.dart
DA:9,2
LF:1
LH:1
end_of_record
SF:lib\core\models\response_model.dart
DA:6,3
LF:1
LH:1
end_of_record
SF:lib\core\services\API\web_service.dart
DA:10,0
DA:15,0
DA:16,0
DA:24,0
DA:26,0
DA:27,0
DA:31,0
DA:33,0
DA:34,0
DA:38,0
DA:40,0
DA:41,0
DA:42,0
DA:46,0
DA:48,0
DA:49,0
DA:50,0
DA:54,0
DA:56,0
DA:57,0
DA:58,0
LF:21
LH:0
end_of_record
SF:lib\core\services\gmaps_service.dart
DA:14,1
DA:15,1
DA:16,0
DA:18,2
DA:22,1
DA:26,1
DA:27,1
DA:28,1
DA:29,1
DA:30,1
DA:31,1
DA:32,1
DA:33,1
DA:35,4
DA:36,1
DA:37,1
DA:38,1
DA:39,1
DA:40,1
DA:41,1
DA:42,1
DA:43,1
DA:59,1
DA:60,5
DA:64,1
DA:65,2
DA:69,1
DA:70,1
DA:71,6
DA:72,7
DA:73,7
DA:77,1
DA:78,1
DA:79,6
DA:80,7
DA:81,7
DA:85,1
DA:86,7
DA:90,1
DA:91,7
DA:95,1
DA:96,2
DA:97,1
DA:99,2
DA:100,4
LF:45
LH:44
end_of_record
SF:lib\core\data\database_tables.dart
DA:9,0
LF:1
LH:0
end_of_record
SF:lib\core\enums\Database_Types.dart
DA:2,9
DA:4,9
DA:6,9
DA:8,9
DA:10,9
LF:5
LH:5
end_of_record
SF:lib\core\enums\Transport_Types.dart
DA:2,9
DA:4,9
DA:7,9
DA:10,9
DA:13,9
LF:5
LH:5
end_of_record
SF:lib\core\extensions\datetime.dart
DA:4,2
DA:8,1
LF:2
LH:2
end_of_record
SF:lib\core\extensions\int.dart
DA:4,0
DA:5,0
DA:9,0
DA:10,0
DA:14,0
DA:15,0
DA:19,0
DA:20,0
LF:8
LH:0
end_of_record
SF:lib\core\extensions\map.dart
DA:4,4
DA:5,4
DA:6,2
LF:3
LH:3
end_of_record
SF:lib\core\models\location_model.dart
DA:4,2
LF:1
LH:1
end_of_record
SF:lib\core\models\logging_position.dart
DA:4,0
DA:60,0
DA:61,0
DA:62,0
DA:63,0
DA:64,0
DA:65,0
DA:66,0
DA:67,0
DA:68,0
LF:10
LH:0
end_of_record
SF:lib\core\models\suggestion_result_model.dart
DA:4,1
LF:1
LH:1
end_of_record
SF:lib\core\models\trip.dart
DA:10,0
DA:18,1
DA:22,2
DA:24,4
DA:25,2
DA:26,3
DA:44,0
DA:46,0
DA:47,0
DA:49,0
DA:50,0
DA:51,0
LF:12
LH:5
end_of_record
SF:lib\core\models\user_model.dart
DA:8,3
DA:12,3
DA:16,6
DA:17,6
DA:18,6
DA:19,6
DA:20,6
DA:21,9
DA:22,3
DA:23,6
DA:26,3
DA:30,1
DA:54,1
DA:56,1
DA:57,1
DA:58,1
DA:59,1
DA:60,1
DA:61,1
DA:62,2
DA:63,2
LF:21
LH:21
end_of_record
SF:lib\core\services\API\auth_service.dart
DA:12,1
DA:21,1
DA:22,1
DA:23,1
DA:26,0
DA:27,4
DA:28,3
DA:29,2
DA:30,2
DA:31,5
DA:37,1
DA:38,1
DA:39,1
DA:40,5
DA:41,1
DA:42,2
DA:47,1
DA:48,5
DA:50,1
DA:53,2
DA:54,2
DA:59,0
DA:65,0
LF:23
LH:20
end_of_record
SF:lib\locator.dart
DA:22,24
DA:25,0
DA:28,0
DA:30,0
DA:32,0
DA:33,0
DA:34,0
DA:39,0
DA:40,0
DA:41,0
DA:42,0
DA:43,0
DA:44,0
DA:45,0
DA:46,0
DA:48,0
LF:16
LH:1
end_of_record
SF:lib\core\services\API\http_service.dart
DA:12,0
DA:26,0
DA:27,0
DA:32,0
DA:35,0
DA:42,0
DA:44,0
DA:46,0
DA:47,0
DA:48,0
DA:49,0
DA:57,0
DA:59,0
DA:62,0
DA:68,0
DA:69,0
DA:73,0
DA:75,0
DA:76,0
DA:77,0
DA:81,0
DA:83,0
DA:84,0
DA:88,0
DA:90,0
DA:91,0
DA:92,0
DA:96,0
DA:98,0
DA:99,0
DA:103,0
DA:105,0
DA:106,0
DA:107,0
LF:34
LH:0
end_of_record
SF:lib\core\services\database.dart
DA:14,0
DA:17,0
DA:29,0
DA:33,0
DA:38,0
DA:40,0
DA:43,0
DA:44,0
DA:46,0
DA:49,0
DA:50,0
DA:51,0
DA:52,0
DA:55,0
DA:56,0
DA:58,0
DA:59,0
DA:60,0
DA:63,0
DA:64,0
DA:65,0
DA:66,0
DA:72,0
DA:73,0
DA:74,0
DA:77,0
DA:78,0
DA:79,0
DA:80,0
DA:85,0
DA:87,0
DA:88,0
DA:89,0
DA:91,0
DA:93,0
DA:94,0
DA:95,0
DA:98,0
DA:100,0
DA:104,0
DA:105,0
DA:107,0
DA:135,0
DA:145,0
DA:147,0
DA:169,0
DA:171,0
DA:173,0
DA:189,0
DA:191,0
DA:193,0
DA:197,0
DA:198,0
DA:200,0
DA:201,0
DA:205,0
DA:206,0
DA:208,0
DA:218,0
DA:219,0
DA:221,0
LF:61
LH:0
end_of_record
SF:lib\core\utils\json_parser.dart
DA:7,0
DA:8,0
DA:12,0
DA:14,0
DA:16,0
DA:17,0
DA:18,0
DA:23,0
DA:24,0
DA:27,0
DA:28,0
DA:29,0
DA:30,0
DA:32,0
DA:36,0
LF:15
LH:0
end_of_record
SF:lib\core\services\API\logging_service.dart
DA:12,0
DA:19,0
DA:21,0
DA:22,0
LF:4
LH:0
end_of_record
SF:lib\core\services\API\trip_service.dart
DA:12,1
DA:19,1
DA:21,5
DA:22,1
DA:24,1
DA:25,5
DA:26,3
DA:27,2
DA:36,0
DA:38,0
DA:39,0
DA:40,0
DA:41,0
DA:42,0
LF:14
LH:8
end_of_record
SF:lib\core\services\API\user_service.dart
DA:12,1
DA:25,1
DA:26,1
DA:27,1
DA:30,4
DA:32,1
DA:33,2
DA:34,4
DA:41,0
DA:43,0
DA:46,1
DA:48,1
DA:50,5
DA:51,6
DA:55,0
DA:60,0
DA:65,0
DA:67,0
DA:69,0
DA:70,0
DA:71,0
DA:72,0
DA:77,0
DA:79,0
LF:24
LH:12
end_of_record
SF:lib\core\utils\enum_converter.dart
DA:2,0
DA:3,0
LF:2
LH:0
end_of_record
SF:lib\core\services\gsuggestions_service.dart
DA:12,0
DA:13,0
DA:14,0
DA:17,0
DA:25,0
DA:28,0
DA:29,0
DA:30,0
DA:33,0
DA:34,0
DA:35,0
DA:36,0
DA:37,0
DA:38,0
DA:39,0
DA:40,0
DA:41,0
DA:42,0
DA:44,0
DA:45,0
DA:46,0
DA:47,0
DA:48,0
LF:23
LH:0
end_of_record
SF:lib\core\utils\environment.dart
DA:9,0
DA:10,0
DA:14,0
DA:16,0
DA:17,0
DA:21,0
DA:23,0
LF:7
LH:0
end_of_record
SF:lib\layout\screens\confirm_login.dart
DA:19,1
DA:20,6
DA:21,2
DA:22,1
DA:23,0
DA:27,3
DA:30,9
DA:32,3
DA:34,3
DA:35,0
DA:36,0
DA:38,3
DA:39,3
DA:40,3
DA:41,3
DA:42,6
DA:43,6
DA:45,3
DA:46,3
DA:47,3
DA:49,3
DA:50,3
DA:52,6
DA:53,9
DA:56,3
DA:58,6
DA:59,6
DA:60,3
DA:61,6
DA:64,3
DA:71,3
DA:74,3
DA:76,1
DA:77,1
DA:81,3
DA:82,1
DA:83,1
DA:85,3
LF:38
LH:35
end_of_record
SF:lib\layout\screens\login.dart
DA:22,2
DA:23,2
DA:24,12
DA:26,2
DA:27,6
DA:28,2
DA:30,0
DA:32,2
DA:33,0
DA:34,0
DA:38,3
DA:40,3
DA:42,3
DA:43,0
DA:44,0
DA:46,3
DA:47,3
DA:48,3
DA:49,3
DA:50,6
DA:51,6
DA:53,3
DA:54,3
DA:55,3
DA:57,3
DA:58,3
DA:60,6
DA:64,3
DA:71,3
DA:73,3
DA:75,2
DA:76,2
DA:80,3
DA:82,1
DA:83,1
DA:85,1
DA:88,3
LF:37
LH:32
end_of_record
SF:lib\layout\screens\welcome.dart
DA:15,0
DA:19,4
DA:21,4
DA:22,8
DA:23,4
DA:24,4
DA:26,4
DA:31,4
DA:33,4
DA:34,4
DA:35,4
DA:36,4
DA:37,4
DA:38,4
DA:40,8
DA:41,16
DA:45,4
DA:47,8
DA:48,4
DA:50,4
DA:65,4
DA:66,4
DA:67,4
DA:68,4
DA:69,7
DA:70,1
DA:71,1
DA:72,1
DA:74,1
DA:75,1
DA:76,2
DA:80,1
DA:82,1
DA:83,1
DA:84,2
DA:90,3
LF:36
LH:35
end_of_record
SF:lib\layout\widgets\buttons\custom_button.dart
DA:12,4
DA:17,4
DA:28,4
DA:29,4
DA:33,4
DA:35,4
DA:38,4
DA:39,4
DA:41,4
DA:44,4
DA:45,18
DA:46,12
DA:50,4
DA:52,4
DA:55,4
DA:56,4
DA:57,8
DA:58,4
DA:59,12
LF:19
LH:19
end_of_record
SF:lib\layout\widgets\fields\custom_text_field.dart
DA:12,4
DA:26,4
DA:58,4
DA:59,4
DA:72,4
DA:74,4
DA:75,28
DA:76,12
DA:79,4
DA:81,12
DA:82,8
DA:83,4
DA:87,3
DA:88,12
DA:89,9
DA:90,6
DA:92,6
DA:93,9
DA:99,3
DA:100,6
DA:101,9
DA:102,12
DA:103,6
DA:104,18
DA:105,0
DA:106,0
DA:107,0
DA:108,0
DA:113,4
DA:115,4
DA:118,4
DA:119,4
DA:122,4
DA:123,8
DA:124,8
DA:125,4
DA:126,3
DA:127,3
DA:131,4
DA:136,8
DA:137,8
DA:138,6
DA:140,8
DA:141,12
DA:142,8
DA:144,4
DA:146,4
DA:150,4
DA:151,4
DA:154,4
DA:155,4
LF:51
LH:47
end_of_record
SF:lib\routes.dart
DA:12,8
DA:13,4
DA:15,4
DA:17,4
DA:19,6
DA:21,2
DA:23,0
DA:25,2
DA:27,0
LF:9
LH:7
end_of_record
SF:lib\core\providers\form_provider.dart
DA:9,20
DA:12,4
DA:13,8
DA:14,0
DA:16,8
DA:21,3
DA:22,6
DA:23,9
DA:24,3
DA:26,0
LF:10
LH:8
end_of_record
SF:lib\core\providers\location_provider.dart
DA:9,5
DA:12,10
DA:26,8
DA:27,4
DA:28,4
DA:29,0
DA:33,0
DA:36,0
DA:39,4
DA:42,0
DA:45,0
DA:48,0
DA:51,0
DA:54,5
DA:55,5
DA:56,5
DA:57,5
DA:58,0
DA:62,0
DA:64,0
DA:72,0
DA:74,0
DA:75,0
DA:79,0
DA:81,0
DA:84,0
DA:85,0
DA:87,0
DA:92,0
DA:93,0
DA:94,0
DA:95,0
DA:97,0
DA:102,0
DA:103,0
DA:105,0
DA:110,0
DA:111,0
DA:113,0
DA:118,0
DA:120,0
DA:121,0
DA:125,0
DA:126,0
DA:127,0
DA:131,0
DA:132,0
DA:133,0
DA:137,0
DA:138,0
DA:139,0
DA:140,0
DA:141,0
DA:145,0
DA:146,0
DA:147,0
DA:152,0
DA:153,0
DA:156,0
DA:157,0
DA:158,0
DA:159,0
DA:164,0
DA:165,0
DA:169,0
DA:171,0
DA:177,0
DA:179,0
LF:68
LH:10
end_of_record
SF:lib\core\services\background_geolocator.dart
DA:16,2
DA:17,2
DA:18,4
DA:19,4
DA:20,0
DA:29,0
DA:30,0
DA:34,2
DA:35,4
DA:38,2
DA:39,4
DA:40,2
DA:42,10
DA:46,0
DA:47,0
DA:48,0
DA:49,0
DA:50,0
DA:55,2
DA:57,2
DA:58,0
DA:61,0
DA:65,4
DA:72,2
DA:73,0
DA:74,0
DA:80,0
DA:84,0
DA:85,0
DA:86,0
DA:87,0
DA:88,0
DA:89,0
DA:90,0
DA:91,0
DA:98,0
DA:99,0
DA:101,0
DA:102,0
DA:104,0
DA:105,0
DA:106,0
DA:107,0
DA:108,0
DA:109,0
DA:110,0
DA:111,0
DA:119,0
DA:120,0
DA:121,0
DA:122,0
DA:125,0
DA:126,0
DA:131,0
DA:134,0
DA:136,0
DA:139,0
DA:140,0
DA:142,0
LF:59
LH:14
end_of_record
SF:lib\layout\constants\validators.dart
DA:1,9
DA:2,3
DA:5,3
DA:9,6
DA:13,1
DA:17,1
DA:18,2
DA:22,0
DA:24,0
LF:9
LH:7
end_of_record
SF:lib\layout\screens\arguments\confirm_arguments.dart
DA:4,3
LF:1
LH:1
end_of_record
SF:lib\layout\widgets\notifications.dart
DA:4,0
DA:5,0
DA:6,0
DA:9,3
DA:10,3
DA:14,3
DA:15,6
DA:18,0
DA:19,0
DA:22,0
DA:23,0
DA:28,0
DA:30,0
DA:34,0
DA:35,0
DA:36,0
DA:37,0
DA:46,0
DA:47,0
DA:48,0
DA:52,0
DA:53,0
DA:57,0
DA:58,0
DA:59,0
LF:25
LH:4
end_of_record
SF:lib\layout\screens\home.dart
DA:28,6
DA:38,2
DA:39,2
DA:59,0
DA:60,0
DA:61,0
DA:63,0
DA:64,0
DA:65,0
DA:66,0
DA:72,2
DA:74,2
DA:75,6
DA:76,10
DA:77,2
DA:81,2
DA:83,6
DA:84,2
DA:87,1
DA:88,1
DA:89,2
DA:90,2
DA:91,2
DA:95,1
DA:96,1
DA:97,1
DA:98,1
DA:104,0
DA:105,0
DA:106,0
DA:110,1
DA:111,4
DA:115,2
DA:117,2
DA:121,4
DA:122,3
DA:125,2
DA:126,2
DA:127,2
DA:130,2
DA:131,3
DA:133,1
DA:135,2
DA:139,0
DA:140,0
DA:141,0
DA:142,0
DA:143,0
DA:144,0
DA:145,0
DA:146,0
DA:147,0
DA:149,0
DA:150,0
DA:152,0
DA:154,0
DA:155,0
DA:156,0
DA:157,0
DA:159,0
DA:160,0
DA:164,0
DA:166,0
DA:167,0
DA:169,0
DA:173,0
DA:174,0
DA:176,0
DA:180,1
DA:182,3
DA:183,0
DA:185,0
DA:186,0
DA:187,0
DA:189,2
DA:194,1
DA:195,3
DA:196,4
DA:197,1
DA:198,2
DA:199,2
DA:200,5
DA:201,7
DA:203,5
DA:205,2
DA:206,2
DA:207,2
DA:209,5
DA:211,2
DA:212,6
DA:213,2
DA:215,3
DA:216,0
DA:217,0
DA:220,0
DA:221,0
DA:222,0
DA:223,0
DA:224,0
DA:225,0
DA:226,0
DA:231,1
DA:232,4
DA:233,2
DA:234,1
DA:238,2
DA:240,0
DA:241,0
DA:243,0
DA:250,2
DA:258,1
DA:260,1
DA:261,1
DA:263,1
DA:264,1
DA:265,1
DA:267,1
DA:269,1
DA:272,1
DA:274,1
DA:275,1
DA:276,0
DA:277,1
DA:278,1
DA:290,0
DA:294,1
DA:297,2
DA:298,0
DA:300,3
DA:305,3
DA:308,3
DA:309,2
DA:311,3
DA:312,2
DA:315,2
DA:317,1
DA:318,2
DA:320,1
DA:321,5
DA:322,1
DA:323,4
DA:324,1
DA:325,1
DA:326,1
DA:327,3
DA:333,2
DA:335,2
DA:336,0
DA:337,2
DA:338,4
DA:339,4
DA:341,4
DA:342,2
DA:343,2
DA:344,2
DA:345,2
DA:352,2
DA:354,2
DA:355,4
DA:356,2
DA:357,2
DA:358,2
DA:359,2
DA:360,2
DA:361,2
DA:364,4
DA:365,2
DA:370,0
DA:371,0
DA:374,2
DA:375,2
DA:376,2
DA:377,2
DA:378,2
DA:379,2
DA:380,2
DA:388,2
DA:389,2
DA:390,2
DA:392,2
DA:394,2
DA:395,2
DA:396,2
DA:397,2
DA:398,2
DA:404,2
DA:405,2
DA:407,2
DA:410,0
DA:416,2
DA:417,2
DA:419,2
DA:420,2
DA:421,2
DA:422,2
DA:423,2
DA:429,2
DA:432,0
DA:434,2
DA:436,2
DA:438,0
DA:443,2
DA:444,2
DA:445,0
DA:446,0
DA:447,0
DA:448,0
DA:449,0
DA:450,0
DA:452,0
DA:453,0
DA:454,0
DA:457,0
DA:462,0
DA:464,0
DA:466,0
DA:476,2
DA:477,4
DA:478,2
DA:480,2
DA:492,2
DA:493,2
DA:495,2
DA:496,2
DA:500,2
DA:508,2
DA:509,2
DA:514,2
DA:515,4
DA:516,2
DA:517,1
DA:524,1
DA:526,1
DA:529,1
DA:530,1
DA:539,1
DA:540,1
DA:541,4
DA:542,1
DA:543,1
DA:544,1
DA:545,1
DA:546,1
DA:547,1
DA:548,1
DA:549,1
DA:550,1
DA:551,1
DA:555,1
DA:557,1
DA:562,2
DA:566,2
DA:567,1
DA:568,2
DA:570,2
DA:571,1
DA:572,2
DA:574,2
DA:575,1
DA:576,2
DA:583,2
DA:584,4
DA:585,2
DA:586,2
DA:590,2
DA:591,2
DA:593,2
DA:596,2
DA:599,0
DA:600,0
DA:601,0
DA:608,2
DA:609,2
DA:611,2
DA:614,2
DA:617,0
DA:618,0
DA:619,0
DA:621,0
LF:279
LH:199
end_of_record
SF:lib\layout\widgets\buttons\button.dart
DA:9,3
DA:13,3
DA:20,1
DA:22,1
DA:25,1
DA:26,1
DA:27,2
LF:7
LH:7
end_of_record
SF:lib\layout\widgets\route_search.dart
DA:9,2
DA:16,2
DA:33,2
DA:34,2
DA:44,2
DA:46,4
DA:49,4
DA:50,2
DA:51,2
DA:55,2
DA:56,2
DA:60,2
DA:61,4
DA:63,6
DA:64,2
DA:65,2
DA:66,2
DA:68,2
DA:72,2
DA:74,2
DA:75,4
DA:78,2
DA:80,2
DA:82,2
DA:84,2
DA:85,2
DA:86,2
DA:87,2
DA:88,2
DA:89,2
DA:90,6
DA:91,2
DA:93,2
DA:96,2
DA:99,2
DA:100,6
DA:101,2
DA:104,1
DA:105,1
DA:106,2
DA:107,3
DA:120,2
DA:121,2
DA:123,2
DA:125,2
DA:126,2
DA:127,2
DA:129,4
DA:130,2
DA:134,2
DA:135,2
DA:136,1
DA:138,2
DA:139,1
DA:142,4
DA:144,2
DA:145,6
DA:146,2
DA:148,6
DA:149,2
DA:151,4
DA:154,1
DA:155,2
DA:156,2
DA:157,4
LF:65
LH:65
end_of_record
SF:lib\layout\widgets\dialogs\logout.dart
DA:7,0
DA:8,0
DA:10,0
DA:12,0
DA:15,0
DA:16,0
DA:17,0
DA:18,0
DA:19,0
DA:22,0
DA:23,0
LF:11
LH:0
end_of_record
SF:lib\layout\utils\route_animations.dart
DA:8,1
DA:9,2
DA:13,1
DA:17,1
DA:18,1
DA:21,1
DA:35,2
DA:36,4
DA:40,2
DA:44,2
DA:45,2
DA:48,2
LF:12
LH:12
end_of_record
SF:lib\layout\widgets\loading_snackbar.dart
DA:4,3
DA:6,9
DA:8,3
DA:9,3
DA:11,3
DA:13,3
LF:6
LH:6
end_of_record
SF:lib\layout\screens\register.dart
DA:29,1
DA:30,1
DA:31,1
DA:34,1
DA:35,2
DA:36,2
DA:38,1
DA:39,3
DA:40,3
DA:42,3
DA:43,2
DA:44,2
DA:45,6
DA:47,1
DA:49,3
DA:50,1
DA:52,0
DA:55,1
DA:58,1
DA:59,0
DA:60,0
DA:65,2
DA:66,2
DA:78,2
DA:80,2
DA:81,2
DA:85,2
DA:86,4
DA:88,4
DA:89,2
DA:94,0
DA:95,0
DA:96,0
DA:98,0
DA:100,0
DA:105,2
DA:107,2
DA:109,2
DA:110,0
DA:111,0
DA:113,2
DA:114,2
DA:115,2
DA:116,2
DA:117,4
DA:118,4
DA:120,2
DA:121,2
DA:122,2
DA:124,2
DA:125,2
DA:127,4
DA:131,2
DA:139,4
DA:141,2
DA:143,2
DA:148,2
DA:149,4
DA:150,2
DA:154,2
DA:156,2
DA:157,2
DA:159,2
DA:160,2
DA:161,2
DA:169,4
DA:174,2
DA:176,4
DA:180,2
DA:182,1
DA:183,2
DA:184,2
DA:189,2
DA:191,1
DA:192,1
DA:194,1
DA:197,2
LF:77
LH:67
end_of_record
SF:lib\layout\widgets\fields\radio_group.dart
DA:7,2
DA:12,2
DA:13,2
DA:21,0
DA:22,0
DA:23,0
DA:24,0
DA:28,2
DA:30,2
DA:31,8
DA:34,2
DA:36,4
DA:37,2
DA:39,2
DA:40,2
DA:47,2
DA:49,2
DA:50,2
DA:57,2
DA:59,2
DA:60,2
LF:21
LH:17
end_of_record
SF:lib\layout\screens\test.dart
DA:13,0
DA:15,0
DA:19,0
DA:21,0
DA:22,0
DA:23,0
DA:24,0
DA:25,0
DA:26,0
DA:27,0
DA:29,0
DA:30,0
DA:31,0
DA:33,0
DA:34,0
LF:15
LH:0
end_of_record
SF:lib\layout\screens\trips.dart
DA:13,0
DA:14,0
DA:20,0
DA:22,0
DA:23,0
DA:24,0
DA:26,0
DA:32,0
DA:36,0
DA:38,0
DA:41,0
DA:42,0
DA:43,0
DA:49,0
DA:50,0
DA:51,0
DA:57,0
DA:58,0
DA:59,0
DA:60,0
DA:61,0
DA:67,0
DA:68,0
DA:70,0
DA:71,0
DA:72,0
DA:74,0
DA:75,0
DA:80,0
DA:84,0
DA:93,0
DA:94,0
DA:95,0
DA:96,0
DA:97,0
DA:99,0
DA:100,0
DA:104,0
DA:108,0
DA:109,0
DA:111,0
DA:112,0
DA:118,0
DA:119,0
DA:120,0
DA:122,0
DA:125,0
DA:133,0
DA:138,0
DA:140,0
DA:141,0
DA:143,0
DA:144,0
DA:145,0
DA:146,0
DA:151,0
DA:152,0
DA:154,0
DA:158,0
LF:59
LH:0
end_of_record
SF:lib\layout\widgets\dialogs\edit_trip.dart
DA:10,0
DA:11,0
DA:12,0
DA:17,0
DA:18,0
DA:23,0
DA:24,0
DA:29,0
DA:30,0
DA:36,0
DA:40,0
DA:41,0
DA:42,0
DA:43,0
DA:45,0
DA:47,0
DA:49,0
DA:52,0
DA:54,0
DA:55,0
DA:57,0
DA:59,0
DA:60,0
DA:61,0
DA:62,0
DA:64,0
DA:73,0
DA:75,0
DA:83,0
DA:87,0
DA:89,0
DA:97,0
DA:106,0
DA:107,0
DA:109,0
DA:110,0
DA:111,0
DA:113,0
DA:114,0
DA:116,0
DA:117,0
DA:119,0
DA:120,0
DA:127,0
DA:129,0
DA:130,0
DA:131,0
DA:132,0
DA:133,0
DA:135,0
DA:136,0
DA:138,0
DA:139,0
DA:141,0
DA:152,0
DA:153,0
DA:160,0
LF:57
LH:0
end_of_record
SF:lib\layout\widgets\fields\search_text_field.dart
DA:13,2
DA:22,2
DA:45,2
DA:46,2
DA:59,2
DA:61,2
DA:62,6
DA:65,2
DA:66,2
DA:68,6
DA:69,2
DA:73,2
DA:74,4
DA:75,2
DA:76,2
DA:78,2
DA:79,4
DA:80,4
DA:81,4
DA:83,2
DA:87,4
DA:95,6
DA:96,1
DA:97,1
DA:99,1
DA:100,1
DA:101,1
DA:102,2
DA:104,0
DA:105,0
DA:107,0
DA:108,0
DA:109,0
DA:112,2
DA:115,1
DA:116,1
DA:117,1
DA:118,5
DA:119,2
DA:120,2
DA:121,2
DA:122,2
DA:123,2
DA:125,3
DA:129,1
DA:130,1
DA:132,1
DA:134,1
DA:135,1
DA:137,1
DA:138,1
DA:143,1
DA:144,4
LF:53
LH:48
end_of_record
